张近东：阿里是阿里，万达是万达，苏宁并不是结盟
獐子岛回应我们了：扇贝死于“天命难违”，你信吗？
台湾画师“天之火”绘制的台湾OL系列。这位画师非常擅长画小腿和足部的曲线。
南京无人驾驶迷你公交系统启动：已在东南大学试跑
多脸懵逼
现在黑板报都这种水平了？
故宫在“网红”的道路上越走越远：“快闪店”开进三里屯
冯小刚解读李宗盛唱“越过山丘才发现无人等候”的意思，不是因为没人迎接而失落，他的意思是说，你们不是觉得我们老了，你们年轻吗？我站山顶上了，我也沒瞧见你们呀。

一大早看到豆瓣一个帖子：你身边皮肤好的人都有怎样的生活习惯   看完最赞几个回复，感觉自己没救了 ​
我花了一个上午，想弄清任天堂Labo是什么
美国三大银行禁止信用卡购买数字货币
【“5·19”假黄金骗贷案19家银行被罚 假黄金如何骗贷190亿？】外部不法人员横跨陕西、河南，以纯度不足的非标准黄金做质押物，并涉及循环质押，骗取19家银行业金融机构190亿贷款。银监会指出该案暴露银行业金融机构内控管理存三大缺陷：贷款“三查”形同虚设；押品管理严重失效；业务开展盲目激进。
林黛玉为什么不喜欢李商隐？这里暴露了曹雪芹作为小说家的一个失误
剧透：说说韩国战争幻想电影《钢铁雨》到底演了些啥
机密的全球军事基地与间谍前哨，在这款运动软件面前近乎裸奔
高超音速客机：20年后有望3小时内直达世界各地
鲸头鹳是这么坐的么？？？？？？？？？ ​​​​
余额宝限购两日：疯抢并没有出现
【大陆与梵蒂冈再传突破性进展】法新社2日称，消息人士透露，梵蒂冈与中国接近达成一份有关主教任命的“历史性”协议，梵蒂冈将承认中国政府任命的７名主教。路透社1日也做出类似的爆料说，梵蒂冈和中国政府已就主教任命问题达成框架协议，这一协议将于数月内签署，或给梵中关系带来历史性突破。
美少女变身和你变身
【中国现实主义根在上海】从旗手到黎叔，现实主义文艺传统在上海逐渐褪色，但是对旧上海的向往，是中国文人在逃避的时候，一个非常好的温床。  ​
岛国一位主妇表示，她天生性格易怒，为了改掉毛病，就自制了一本小册子。要是有一天没乱发脾气，就让老公给她盖一个爱的印章。每周末，老公还认认真真写一段心里话给她，一句句一段段，使她愈发觉得人间美好，学着宽心，学着快乐生活...看完觉得世间果然有佳人，果然有真爱
花40亿美金造3个大玻璃球…这下全世界的总部大楼都输给了亚马逊
乐视网“绝境逃生记”：如何在跌停板中逃遁？
